  [1m[36m (14.4ms)[0m  [1mCREATE TABLE "schema_migrations" ("version" varchar(255) NOT NULL) [0m
  [1m[35m (6.4ms)[0m  CREATE UNIQUE INDEX "unique_schema_migrations" ON "schema_migrations" ("version")
  [1m[36mActiveRecord::SchemaMigration Load (0.1ms)[0m  [1mSELECT "schema_migrations".* FROM "schema_migrations"[0m
Migrating to CreateUsers (20140731215955)
  [1m[35m (0.1ms)[0m  begin transaction
  [1m[36m (0.2ms)[0m  [1mCREATE TABLE "users" ("id" INTEGER PRIMARY KEY AUTOINCREMENT NOT NULL, "email" varchar(255), "password" varchar(255), "name" varchar(255), "blurb" text, "created_at" datetime, "updated_at" datetime) [0m
  [1m[35mSQL (0.7ms)[0m  INSERT INTO "schema_migrations" ("version") VALUES (?)  [["version", "20140731215955"]]
  [1m[36m (14.1ms)[0m  [1mcommit transaction[0m
  [1m[35mActiveRecord::SchemaMigration Load (0.1ms)[0m  SELECT "schema_migrations".* FROM "schema_migrations"
DEPRECATION WARNING: You didn't set config.secret_key_base. Read the upgrade documentation to learn more about this new config option. (called from service at /usr/lib/ruby/1.9.1/webrick/httpserver.rb:138)


Started POST "/splattss" for 127.0.0.1 at 2014-07-31 22:04:56 +0000
  [1m[36mActiveRecord::SchemaMigration Load (0.1ms)[0m  [1mSELECT "schema_migrations".* FROM "schema_migrations"[0m
Error occurred while parsing request parameters.
Contents:



ActionDispatch::ParamsParser::ParseError (784: unexpected token at '’{splatt:'):
  actionpack (4.0.0) lib/action_dispatch/middleware/params_parser.rb:53:in `rescue in parse_formatted_parameters'
  actionpack (4.0.0) lib/action_dispatch/middleware/params_parser.rb:32:in `parse_formatted_parameters'
  actionpack (4.0.0) lib/action_dispatch/middleware/params_parser.rb:23:in `call'
  activerecord (4.0.0) lib/active_record/query_cache.rb:36:in `call'
  activerecord (4.0.0) lib/active_record/connection_adapters/abstract/connection_pool.rb:626:in `call'
  activerecord (4.0.0) lib/active_record/migration.rb:369:in `call'
  actionpack (4.0.0) lib/action_dispatch/middleware/callbacks.rb:29:in `block in call'
  activesupport (4.0.0) lib/active_support/callbacks.rb:373:in `_run__953832449809610019__call__callbacks'
  activesupport (4.0.0) lib/active_support/callbacks.rb:80:in `run_callbacks'
  actionpack (4.0.0) lib/action_dispatch/middleware/callbacks.rb:27:in `call'
  actionpack (4.0.0) lib/action_dispatch/middleware/reloader.rb:64:in `call'
  actionpack (4.0.0) lib/action_dispatch/middleware/remote_ip.rb:76:in `call'
  actionpack (4.0.0) lib/action_dispatch/middleware/debug_exceptions.rb:17:in `call'
  actionpack (4.0.0) lib/action_dispatch/middleware/show_exceptions.rb:30:in `call'
  railties (4.0.0) lib/rails/rack/logger.rb:38:in `call_app'
  railties (4.0.0) lib/rails/rack/logger.rb:21:in `block in call'
  activesupport (4.0.0) lib/active_support/tagged_logging.rb:67:in `block in tagged'
  activesupport (4.0.0) lib/active_support/tagged_logging.rb:25:in `tagged'
  activesupport (4.0.0) lib/active_support/tagged_logging.rb:67:in `tagged'
  railties (4.0.0) lib/rails/rack/logger.rb:21:in `call'
  actionpack (4.0.0) lib/action_dispatch/middleware/request_id.rb:21:in `call'
  rack (1.5.2) lib/rack/runtime.rb:17:in `call'
  activesupport (4.0.0) lib/active_support/cache/strategy/local_cache.rb:83:in `call'
  rack (1.5.2) lib/rack/lock.rb:17:in `call'
  actionpack (4.0.0) lib/action_dispatch/middleware/static.rb:64:in `call'
  railties (4.0.0) lib/rails/engine.rb:511:in `call'
  railties (4.0.0) lib/rails/application.rb:97:in `call'
  rack (1.5.2) lib/rack/lock.rb:17:in `call'
  rack (1.5.2) lib/rack/content_length.rb:14:in `call'
  rack (1.5.2) lib/rack/handler/webrick.rb:60:in `service'
  /usr/lib/ruby/1.9.1/webrick/httpserver.rb:138:in `service'
  /usr/lib/ruby/1.9.1/webrick/httpserver.rb:94:in `run'
  /usr/lib/ruby/1.9.1/webrick/server.rb:191:in `block in start_thread'


  Rendered /var/lib/gems/1.9.1/gems/actionpack-4.0.0/lib/action_dispatch/middleware/templates/rescues/_source.erb (0.5ms)
  Rendered /var/lib/gems/1.9.1/gems/actionpack-4.0.0/lib/action_dispatch/middleware/templates/rescues/_trace.erb (0.8ms)
  Rendered /var/lib/gems/1.9.1/gems/actionpack-4.0.0/lib/action_dispatch/middleware/templates/rescues/_request_and_response.erb (0.6ms)
  Rendered /var/lib/gems/1.9.1/gems/actionpack-4.0.0/lib/action_dispatch/middleware/templates/rescues/diagnostics.erb within rescues/layout (8.9ms)


Started POST "/splattss" for 54.215.185.74 at 2014-07-31 22:05:06 +0000
Error occurred while parsing request parameters.
Contents:



ActionDispatch::ParamsParser::ParseError (784: unexpected token at '’{splatt:'):
  actionpack (4.0.0) lib/action_dispatch/middleware/params_parser.rb:53:in `rescue in parse_formatted_parameters'
  actionpack (4.0.0) lib/action_dispatch/middleware/params_parser.rb:32:in `parse_formatted_parameters'
  actionpack (4.0.0) lib/action_dispatch/middleware/params_parser.rb:23:in `call'
  activerecord (4.0.0) lib/active_record/query_cache.rb:36:in `call'
  activerecord (4.0.0) lib/active_record/connection_adapters/abstract/connection_pool.rb:626:in `call'
  activerecord (4.0.0) lib/active_record/migration.rb:369:in `call'
  actionpack (4.0.0) lib/action_dispatch/middleware/callbacks.rb:29:in `block in call'
  activesupport (4.0.0) lib/active_support/callbacks.rb:373:in `_run__953832449809610019__call__callbacks'
  activesupport (4.0.0) lib/active_support/callbacks.rb:80:in `run_callbacks'
  actionpack (4.0.0) lib/action_dispatch/middleware/callbacks.rb:27:in `call'
  actionpack (4.0.0) lib/action_dispatch/middleware/reloader.rb:64:in `call'
  actionpack (4.0.0) lib/action_dispatch/middleware/remote_ip.rb:76:in `call'
  actionpack (4.0.0) lib/action_dispatch/middleware/debug_exceptions.rb:17:in `call'
  actionpack (4.0.0) lib/action_dispatch/middleware/show_exceptions.rb:30:in `call'
  railties (4.0.0) lib/rails/rack/logger.rb:38:in `call_app'
  railties (4.0.0) lib/rails/rack/logger.rb:21:in `block in call'
  activesupport (4.0.0) lib/active_support/tagged_logging.rb:67:in `block in tagged'
  activesupport (4.0.0) lib/active_support/tagged_logging.rb:25:in `tagged'
  activesupport (4.0.0) lib/active_support/tagged_logging.rb:67:in `tagged'
  railties (4.0.0) lib/rails/rack/logger.rb:21:in `call'
  actionpack (4.0.0) lib/action_dispatch/middleware/request_id.rb:21:in `call'
  rack (1.5.2) lib/rack/runtime.rb:17:in `call'
  activesupport (4.0.0) lib/active_support/cache/strategy/local_cache.rb:83:in `call'
  rack (1.5.2) lib/rack/lock.rb:17:in `call'
  actionpack (4.0.0) lib/action_dispatch/middleware/static.rb:64:in `call'
  railties (4.0.0) lib/rails/engine.rb:511:in `call'
  railties (4.0.0) lib/rails/application.rb:97:in `call'
  rack (1.5.2) lib/rack/lock.rb:17:in `call'
  rack (1.5.2) lib/rack/content_length.rb:14:in `call'
  rack (1.5.2) lib/rack/handler/webrick.rb:60:in `service'
  /usr/lib/ruby/1.9.1/webrick/httpserver.rb:138:in `service'
  /usr/lib/ruby/1.9.1/webrick/httpserver.rb:94:in `run'
  /usr/lib/ruby/1.9.1/webrick/server.rb:191:in `block in start_thread'


  Rendered /var/lib/gems/1.9.1/gems/actionpack-4.0.0/lib/action_dispatch/middleware/templates/rescues/_source.erb (0.4ms)
  Rendered /var/lib/gems/1.9.1/gems/actionpack-4.0.0/lib/action_dispatch/middleware/templates/rescues/_trace.erb (0.7ms)
  Rendered /var/lib/gems/1.9.1/gems/actionpack-4.0.0/lib/action_dispatch/middleware/templates/rescues/_request_and_response.erb (0.6ms)
  Rendered /var/lib/gems/1.9.1/gems/actionpack-4.0.0/lib/action_dispatch/middleware/templates/rescues/diagnostics.erb within rescues/layout (7.8ms)


Started POST "/splattss" for 54.215.185.74 at 2014-07-31 22:05:26 +0000
Error occurred while parsing request parameters.
Contents:



ActionDispatch::ParamsParser::ParseError (784: unexpected token at '’{tplatt:'):
  actionpack (4.0.0) lib/action_dispatch/middleware/params_parser.rb:53:in `rescue in parse_formatted_parameters'
  actionpack (4.0.0) lib/action_dispatch/middleware/params_parser.rb:32:in `parse_formatted_parameters'
  actionpack (4.0.0) lib/action_dispatch/middleware/params_parser.rb:23:in `call'
  activerecord (4.0.0) lib/active_record/query_cache.rb:36:in `call'
  activerecord (4.0.0) lib/active_record/connection_adapters/abstract/connection_pool.rb:626:in `call'
  activerecord (4.0.0) lib/active_record/migration.rb:369:in `call'
  actionpack (4.0.0) lib/action_dispatch/middleware/callbacks.rb:29:in `block in call'
  activesupport (4.0.0) lib/active_support/callbacks.rb:373:in `_run__953832449809610019__call__callbacks'
  activesupport (4.0.0) lib/active_support/callbacks.rb:80:in `run_callbacks'
  actionpack (4.0.0) lib/action_dispatch/middleware/callbacks.rb:27:in `call'
  actionpack (4.0.0) lib/action_dispatch/middleware/reloader.rb:64:in `call'
  actionpack (4.0.0) lib/action_dispatch/middleware/remote_ip.rb:76:in `call'
  actionpack (4.0.0) lib/action_dispatch/middleware/debug_exceptions.rb:17:in `call'
  actionpack (4.0.0) lib/action_dispatch/middleware/show_exceptions.rb:30:in `call'
  railties (4.0.0) lib/rails/rack/logger.rb:38:in `call_app'
  railties (4.0.0) lib/rails/rack/logger.rb:21:in `block in call'
  activesupport (4.0.0) lib/active_support/tagged_logging.rb:67:in `block in tagged'
  activesupport (4.0.0) lib/active_support/tagged_logging.rb:25:in `tagged'
  activesupport (4.0.0) lib/active_support/tagged_logging.rb:67:in `tagged'
  railties (4.0.0) lib/rails/rack/logger.rb:21:in `call'
  actionpack (4.0.0) lib/action_dispatch/middleware/request_id.rb:21:in `call'
  rack (1.5.2) lib/rack/runtime.rb:17:in `call'
  activesupport (4.0.0) lib/active_support/cache/strategy/local_cache.rb:83:in `call'
  rack (1.5.2) lib/rack/lock.rb:17:in `call'
  actionpack (4.0.0) lib/action_dispatch/middleware/static.rb:64:in `call'
  railties (4.0.0) lib/rails/engine.rb:511:in `call'
  railties (4.0.0) lib/rails/application.rb:97:in `call'
  rack (1.5.2) lib/rack/lock.rb:17:in `call'
  rack (1.5.2) lib/rack/content_length.rb:14:in `call'
  rack (1.5.2) lib/rack/handler/webrick.rb:60:in `service'
  /usr/lib/ruby/1.9.1/webrick/httpserver.rb:138:in `service'
  /usr/lib/ruby/1.9.1/webrick/httpserver.rb:94:in `run'
  /usr/lib/ruby/1.9.1/webrick/server.rb:191:in `block in start_thread'


  Rendered /var/lib/gems/1.9.1/gems/actionpack-4.0.0/lib/action_dispatch/middleware/templates/rescues/_source.erb (0.4ms)
  Rendered /var/lib/gems/1.9.1/gems/actionpack-4.0.0/lib/action_dispatch/middleware/templates/rescues/_trace.erb (0.8ms)
  Rendered /var/lib/gems/1.9.1/gems/actionpack-4.0.0/lib/action_dispatch/middleware/templates/rescues/_request_and_response.erb (0.6ms)
  Rendered /var/lib/gems/1.9.1/gems/actionpack-4.0.0/lib/action_dispatch/middleware/templates/rescues/diagnostics.erb within rescues/layout (7.7ms)


Started POST "/splattss" for 54.215.185.74 at 2014-07-31 22:05:36 +0000
Error occurred while parsing request parameters.
Contents:



ActionDispatch::ParamsParser::ParseError (784: unexpected token at '’{tplatt:{body:Hello, Splatter world,'):
  actionpack (4.0.0) lib/action_dispatch/middleware/params_parser.rb:53:in `rescue in parse_formatted_parameters'
  actionpack (4.0.0) lib/action_dispatch/middleware/params_parser.rb:32:in `parse_formatted_parameters'
  actionpack (4.0.0) lib/action_dispatch/middleware/params_parser.rb:23:in `call'
  activerecord (4.0.0) lib/active_record/query_cache.rb:36:in `call'
  activerecord (4.0.0) lib/active_record/connection_adapters/abstract/connection_pool.rb:626:in `call'
  activerecord (4.0.0) lib/active_record/migration.rb:369:in `call'
  actionpack (4.0.0) lib/action_dispatch/middleware/callbacks.rb:29:in `block in call'
  activesupport (4.0.0) lib/active_support/callbacks.rb:373:in `_run__953832449809610019__call__callbacks'
  activesupport (4.0.0) lib/active_support/callbacks.rb:80:in `run_callbacks'
  actionpack (4.0.0) lib/action_dispatch/middleware/callbacks.rb:27:in `call'
  actionpack (4.0.0) lib/action_dispatch/middleware/reloader.rb:64:in `call'
  actionpack (4.0.0) lib/action_dispatch/middleware/remote_ip.rb:76:in `call'
  actionpack (4.0.0) lib/action_dispatch/middleware/debug_exceptions.rb:17:in `call'
  actionpack (4.0.0) lib/action_dispatch/middleware/show_exceptions.rb:30:in `call'
  railties (4.0.0) lib/rails/rack/logger.rb:38:in `call_app'
  railties (4.0.0) lib/rails/rack/logger.rb:21:in `block in call'
  activesupport (4.0.0) lib/active_support/tagged_logging.rb:67:in `block in tagged'
  activesupport (4.0.0) lib/active_support/tagged_logging.rb:25:in `tagged'
  activesupport (4.0.0) lib/active_support/tagged_logging.rb:67:in `tagged'
  railties (4.0.0) lib/rails/rack/logger.rb:21:in `call'
  actionpack (4.0.0) lib/action_dispatch/middleware/request_id.rb:21:in `call'
  rack (1.5.2) lib/rack/runtime.rb:17:in `call'
  activesupport (4.0.0) lib/active_support/cache/strategy/local_cache.rb:83:in `call'
  rack (1.5.2) lib/rack/lock.rb:17:in `call'
  actionpack (4.0.0) lib/action_dispatch/middleware/static.rb:64:in `call'
  railties (4.0.0) lib/rails/engine.rb:511:in `call'
  railties (4.0.0) lib/rails/application.rb:97:in `call'
  rack (1.5.2) lib/rack/lock.rb:17:in `call'
  rack (1.5.2) lib/rack/content_length.rb:14:in `call'
  rack (1.5.2) lib/rack/handler/webrick.rb:60:in `service'
  /usr/lib/ruby/1.9.1/webrick/httpserver.rb:138:in `service'
  /usr/lib/ruby/1.9.1/webrick/httpserver.rb:94:in `run'
  /usr/lib/ruby/1.9.1/webrick/server.rb:191:in `block in start_thread'


  Rendered /var/lib/gems/1.9.1/gems/actionpack-4.0.0/lib/action_dispatch/middleware/templates/rescues/_source.erb (0.5ms)
  Rendered /var/lib/gems/1.9.1/gems/actionpack-4.0.0/lib/action_dispatch/middleware/templates/rescues/_trace.erb (0.8ms)
  Rendered /var/lib/gems/1.9.1/gems/actionpack-4.0.0/lib/action_dispatch/middleware/templates/rescues/_request_and_response.erb (0.6ms)
  Rendered /var/lib/gems/1.9.1/gems/actionpack-4.0.0/lib/action_dispatch/middleware/templates/rescues/diagnostics.erb within rescues/layout (7.7ms)


Started POST "/splattss" for 54.215.185.74 at 2014-07-31 22:06:07 +0000
Error occurred while parsing request parameters.
Contents:



ActionDispatch::ParamsParser::ParseError (784: unexpected token at '’{tplatt:{body:Hello, Splatter world,'):
  actionpack (4.0.0) lib/action_dispatch/middleware/params_parser.rb:53:in `rescue in parse_formatted_parameters'
  actionpack (4.0.0) lib/action_dispatch/middleware/params_parser.rb:32:in `parse_formatted_parameters'
  actionpack (4.0.0) lib/action_dispatch/middleware/params_parser.rb:23:in `call'
  activerecord (4.0.0) lib/active_record/query_cache.rb:36:in `call'
  activerecord (4.0.0) lib/active_record/connection_adapters/abstract/connection_pool.rb:626:in `call'
  activerecord (4.0.0) lib/active_record/migration.rb:369:in `call'
  actionpack (4.0.0) lib/action_dispatch/middleware/callbacks.rb:29:in `block in call'
  activesupport (4.0.0) lib/active_support/callbacks.rb:373:in `_run__953832449809610019__call__callbacks'
  activesupport (4.0.0) lib/active_support/callbacks.rb:80:in `run_callbacks'
  actionpack (4.0.0) lib/action_dispatch/middleware/callbacks.rb:27:in `call'
  actionpack (4.0.0) lib/action_dispatch/middleware/reloader.rb:64:in `call'
  actionpack (4.0.0) lib/action_dispatch/middleware/remote_ip.rb:76:in `call'
  actionpack (4.0.0) lib/action_dispatch/middleware/debug_exceptions.rb:17:in `call'
  actionpack (4.0.0) lib/action_dispatch/middleware/show_exceptions.rb:30:in `call'
  railties (4.0.0) lib/rails/rack/logger.rb:38:in `call_app'
  railties (4.0.0) lib/rails/rack/logger.rb:21:in `block in call'
  activesupport (4.0.0) lib/active_support/tagged_logging.rb:67:in `block in tagged'
  activesupport (4.0.0) lib/active_support/tagged_logging.rb:25:in `tagged'
  activesupport (4.0.0) lib/active_support/tagged_logging.rb:67:in `tagged'
  railties (4.0.0) lib/rails/rack/logger.rb:21:in `call'
  actionpack (4.0.0) lib/action_dispatch/middleware/request_id.rb:21:in `call'
  rack (1.5.2) lib/rack/runtime.rb:17:in `call'
  activesupport (4.0.0) lib/active_support/cache/strategy/local_cache.rb:83:in `call'
  rack (1.5.2) lib/rack/lock.rb:17:in `call'
  actionpack (4.0.0) lib/action_dispatch/middleware/static.rb:64:in `call'
  railties (4.0.0) lib/rails/engine.rb:511:in `call'
  railties (4.0.0) lib/rails/application.rb:97:in `call'
  rack (1.5.2) lib/rack/lock.rb:17:in `call'
  rack (1.5.2) lib/rack/content_length.rb:14:in `call'
  rack (1.5.2) lib/rack/handler/webrick.rb:60:in `service'
  /usr/lib/ruby/1.9.1/webrick/httpserver.rb:138:in `service'
  /usr/lib/ruby/1.9.1/webrick/httpserver.rb:94:in `run'
  /usr/lib/ruby/1.9.1/webrick/server.rb:191:in `block in start_thread'


  Rendered /var/lib/gems/1.9.1/gems/actionpack-4.0.0/lib/action_dispatch/middleware/templates/rescues/_source.erb (0.5ms)
  Rendered /var/lib/gems/1.9.1/gems/actionpack-4.0.0/lib/action_dispatch/middleware/templates/rescues/_trace.erb (0.8ms)
  Rendered /var/lib/gems/1.9.1/gems/actionpack-4.0.0/lib/action_dispatch/middleware/templates/rescues/_request_and_response.erb (0.6ms)
  Rendered /var/lib/gems/1.9.1/gems/actionpack-4.0.0/lib/action_dispatch/middleware/templates/rescues/diagnostics.erb within rescues/layout (7.7ms)


Started POST "/users" for 54.215.185.74 at 2014-07-31 22:08:11 +0000
Error occurred while parsing request parameters.
Contents:



ActionDispatch::ParamsParser::ParseError (784: unexpected token at '’{user:'):
  actionpack (4.0.0) lib/action_dispatch/middleware/params_parser.rb:53:in `rescue in parse_formatted_parameters'
  actionpack (4.0.0) lib/action_dispatch/middleware/params_parser.rb:32:in `parse_formatted_parameters'
  actionpack (4.0.0) lib/action_dispatch/middleware/params_parser.rb:23:in `call'
  activerecord (4.0.0) lib/active_record/query_cache.rb:36:in `call'
  activerecord (4.0.0) lib/active_record/connection_adapters/abstract/connection_pool.rb:626:in `call'
  activerecord (4.0.0) lib/active_record/migration.rb:369:in `call'
  actionpack (4.0.0) lib/action_dispatch/middleware/callbacks.rb:29:in `block in call'
  activesupport (4.0.0) lib/active_support/callbacks.rb:373:in `_run__953832449809610019__call__callbacks'
  activesupport (4.0.0) lib/active_support/callbacks.rb:80:in `run_callbacks'
  actionpack (4.0.0) lib/action_dispatch/middleware/callbacks.rb:27:in `call'
  actionpack (4.0.0) lib/action_dispatch/middleware/reloader.rb:64:in `call'
  actionpack (4.0.0) lib/action_dispatch/middleware/remote_ip.rb:76:in `call'
  actionpack (4.0.0) lib/action_dispatch/middleware/debug_exceptions.rb:17:in `call'
  actionpack (4.0.0) lib/action_dispatch/middleware/show_exceptions.rb:30:in `call'
  railties (4.0.0) lib/rails/rack/logger.rb:38:in `call_app'
  railties (4.0.0) lib/rails/rack/logger.rb:21:in `block in call'
  activesupport (4.0.0) lib/active_support/tagged_logging.rb:67:in `block in tagged'
  activesupport (4.0.0) lib/active_support/tagged_logging.rb:25:in `tagged'
  activesupport (4.0.0) lib/active_support/tagged_logging.rb:67:in `tagged'
  railties (4.0.0) lib/rails/rack/logger.rb:21:in `call'
  actionpack (4.0.0) lib/action_dispatch/middleware/request_id.rb:21:in `call'
  rack (1.5.2) lib/rack/runtime.rb:17:in `call'
  activesupport (4.0.0) lib/active_support/cache/strategy/local_cache.rb:83:in `call'
  rack (1.5.2) lib/rack/lock.rb:17:in `call'
  actionpack (4.0.0) lib/action_dispatch/middleware/static.rb:64:in `call'
  railties (4.0.0) lib/rails/engine.rb:511:in `call'
  railties (4.0.0) lib/rails/application.rb:97:in `call'
  rack (1.5.2) lib/rack/lock.rb:17:in `call'
  rack (1.5.2) lib/rack/content_length.rb:14:in `call'
  rack (1.5.2) lib/rack/handler/webrick.rb:60:in `service'
  /usr/lib/ruby/1.9.1/webrick/httpserver.rb:138:in `service'
  /usr/lib/ruby/1.9.1/webrick/httpserver.rb:94:in `run'
  /usr/lib/ruby/1.9.1/webrick/server.rb:191:in `block in start_thread'


  Rendered /var/lib/gems/1.9.1/gems/actionpack-4.0.0/lib/action_dispatch/middleware/templates/rescues/_source.erb (0.4ms)
  Rendered /var/lib/gems/1.9.1/gems/actionpack-4.0.0/lib/action_dispatch/middleware/templates/rescues/_trace.erb (0.7ms)
  Rendered /var/lib/gems/1.9.1/gems/actionpack-4.0.0/lib/action_dispatch/middleware/templates/rescues/_request_and_response.erb (0.6ms)
  Rendered /var/lib/gems/1.9.1/gems/actionpack-4.0.0/lib/action_dispatch/middleware/templates/rescues/diagnostics.erb within rescues/layout (7.5ms)


Started POST "/users" for 54.215.185.74 at 2014-07-31 22:09:00 +0000
Error occurred while parsing request parameters.
Contents:



ActionDispatch::ParamsParser::ParseError (784: unexpected token at '’{user:email:test@foo.com}’'):
  actionpack (4.0.0) lib/action_dispatch/middleware/params_parser.rb:53:in `rescue in parse_formatted_parameters'
  actionpack (4.0.0) lib/action_dispatch/middleware/params_parser.rb:32:in `parse_formatted_parameters'
  actionpack (4.0.0) lib/action_dispatch/middleware/params_parser.rb:23:in `call'
  activerecord (4.0.0) lib/active_record/query_cache.rb:36:in `call'
  activerecord (4.0.0) lib/active_record/connection_adapters/abstract/connection_pool.rb:626:in `call'
  activerecord (4.0.0) lib/active_record/migration.rb:369:in `call'
  actionpack (4.0.0) lib/action_dispatch/middleware/callbacks.rb:29:in `block in call'
  activesupport (4.0.0) lib/active_support/callbacks.rb:373:in `_run__953832449809610019__call__callbacks'
  activesupport (4.0.0) lib/active_support/callbacks.rb:80:in `run_callbacks'
  actionpack (4.0.0) lib/action_dispatch/middleware/callbacks.rb:27:in `call'
  actionpack (4.0.0) lib/action_dispatch/middleware/reloader.rb:64:in `call'
  actionpack (4.0.0) lib/action_dispatch/middleware/remote_ip.rb:76:in `call'
  actionpack (4.0.0) lib/action_dispatch/middleware/debug_exceptions.rb:17:in `call'
  actionpack (4.0.0) lib/action_dispatch/middleware/show_exceptions.rb:30:in `call'
  railties (4.0.0) lib/rails/rack/logger.rb:38:in `call_app'
  railties (4.0.0) lib/rails/rack/logger.rb:21:in `block in call'
  activesupport (4.0.0) lib/active_support/tagged_logging.rb:67:in `block in tagged'
  activesupport (4.0.0) lib/active_support/tagged_logging.rb:25:in `tagged'
  activesupport (4.0.0) lib/active_support/tagged_logging.rb:67:in `tagged'
  railties (4.0.0) lib/rails/rack/logger.rb:21:in `call'
  actionpack (4.0.0) lib/action_dispatch/middleware/request_id.rb:21:in `call'
  rack (1.5.2) lib/rack/runtime.rb:17:in `call'
  activesupport (4.0.0) lib/active_support/cache/strategy/local_cache.rb:83:in `call'
  rack (1.5.2) lib/rack/lock.rb:17:in `call'
  actionpack (4.0.0) lib/action_dispatch/middleware/static.rb:64:in `call'
  railties (4.0.0) lib/rails/engine.rb:511:in `call'
  railties (4.0.0) lib/rails/application.rb:97:in `call'
  rack (1.5.2) lib/rack/lock.rb:17:in `call'
  rack (1.5.2) lib/rack/content_length.rb:14:in `call'
  rack (1.5.2) lib/rack/handler/webrick.rb:60:in `service'
  /usr/lib/ruby/1.9.1/webrick/httpserver.rb:138:in `service'
  /usr/lib/ruby/1.9.1/webrick/httpserver.rb:94:in `run'
  /usr/lib/ruby/1.9.1/webrick/server.rb:191:in `block in start_thread'


  Rendered /var/lib/gems/1.9.1/gems/actionpack-4.0.0/lib/action_dispatch/middleware/templates/rescues/_source.erb (0.4ms)
  Rendered /var/lib/gems/1.9.1/gems/actionpack-4.0.0/lib/action_dispatch/middleware/templates/rescues/_trace.erb (0.8ms)
  Rendered /var/lib/gems/1.9.1/gems/actionpack-4.0.0/lib/action_dispatch/middleware/templates/rescues/_request_and_response.erb (0.6ms)
  Rendered /var/lib/gems/1.9.1/gems/actionpack-4.0.0/lib/action_dispatch/middleware/templates/rescues/diagnostics.erb within rescues/layout (7.7ms)


Started POST "/users" for 127.0.0.1 at 2014-07-31 22:09:16 +0000
Error occurred while parsing request parameters.
Contents:



ActionDispatch::ParamsParser::ParseError (784: unexpected token at '’{user:email:test@foo.com}’'):
  actionpack (4.0.0) lib/action_dispatch/middleware/params_parser.rb:53:in `rescue in parse_formatted_parameters'
  actionpack (4.0.0) lib/action_dispatch/middleware/params_parser.rb:32:in `parse_formatted_parameters'
  actionpack (4.0.0) lib/action_dispatch/middleware/params_parser.rb:23:in `call'
  activerecord (4.0.0) lib/active_record/query_cache.rb:36:in `call'
  activerecord (4.0.0) lib/active_record/connection_adapters/abstract/connection_pool.rb:626:in `call'
  activerecord (4.0.0) lib/active_record/migration.rb:369:in `call'
  actionpack (4.0.0) lib/action_dispatch/middleware/callbacks.rb:29:in `block in call'
  activesupport (4.0.0) lib/active_support/callbacks.rb:373:in `_run__953832449809610019__call__callbacks'
  activesupport (4.0.0) lib/active_support/callbacks.rb:80:in `run_callbacks'
  actionpack (4.0.0) lib/action_dispatch/middleware/callbacks.rb:27:in `call'
  actionpack (4.0.0) lib/action_dispatch/middleware/reloader.rb:64:in `call'
  actionpack (4.0.0) lib/action_dispatch/middleware/remote_ip.rb:76:in `call'
  actionpack (4.0.0) lib/action_dispatch/middleware/debug_exceptions.rb:17:in `call'
  actionpack (4.0.0) lib/action_dispatch/middleware/show_exceptions.rb:30:in `call'
  railties (4.0.0) lib/rails/rack/logger.rb:38:in `call_app'
  railties (4.0.0) lib/rails/rack/logger.rb:21:in `block in call'
  activesupport (4.0.0) lib/active_support/tagged_logging.rb:67:in `block in tagged'
  activesupport (4.0.0) lib/active_support/tagged_logging.rb:25:in `tagged'
  activesupport (4.0.0) lib/active_support/tagged_logging.rb:67:in `tagged'
  railties (4.0.0) lib/rails/rack/logger.rb:21:in `call'
  actionpack (4.0.0) lib/action_dispatch/middleware/request_id.rb:21:in `call'
  rack (1.5.2) lib/rack/runtime.rb:17:in `call'
  activesupport (4.0.0) lib/active_support/cache/strategy/local_cache.rb:83:in `call'
  rack (1.5.2) lib/rack/lock.rb:17:in `call'
  actionpack (4.0.0) lib/action_dispatch/middleware/static.rb:64:in `call'
  railties (4.0.0) lib/rails/engine.rb:511:in `call'
  railties (4.0.0) lib/rails/application.rb:97:in `call'
  rack (1.5.2) lib/rack/lock.rb:17:in `call'
  rack (1.5.2) lib/rack/content_length.rb:14:in `call'
  rack (1.5.2) lib/rack/handler/webrick.rb:60:in `service'
  /usr/lib/ruby/1.9.1/webrick/httpserver.rb:138:in `service'
  /usr/lib/ruby/1.9.1/webrick/httpserver.rb:94:in `run'
  /usr/lib/ruby/1.9.1/webrick/server.rb:191:in `block in start_thread'


  Rendered /var/lib/gems/1.9.1/gems/actionpack-4.0.0/lib/action_dispatch/middleware/templates/rescues/_source.erb (0.4ms)
  Rendered /var/lib/gems/1.9.1/gems/actionpack-4.0.0/lib/action_dispatch/middleware/templates/rescues/_trace.erb (0.8ms)
  Rendered /var/lib/gems/1.9.1/gems/actionpack-4.0.0/lib/action_dispatch/middleware/templates/rescues/_request_and_response.erb (0.6ms)
  Rendered /var/lib/gems/1.9.1/gems/actionpack-4.0.0/lib/action_dispatch/middleware/templates/rescues/diagnostics.erb within rescues/layout (7.6ms)


Started POST "/users" for 127.0.0.1 at 2014-07-31 22:10:22 +0000
Error occurred while parsing request parameters.
Contents:



ActionDispatch::ParamsParser::ParseError (784: unexpected token at '’{user:email:test@foo.com}’'):
  actionpack (4.0.0) lib/action_dispatch/middleware/params_parser.rb:53:in `rescue in parse_formatted_parameters'
  actionpack (4.0.0) lib/action_dispatch/middleware/params_parser.rb:32:in `parse_formatted_parameters'
  actionpack (4.0.0) lib/action_dispatch/middleware/params_parser.rb:23:in `call'
  activerecord (4.0.0) lib/active_record/query_cache.rb:36:in `call'
  activerecord (4.0.0) lib/active_record/connection_adapters/abstract/connection_pool.rb:626:in `call'
  activerecord (4.0.0) lib/active_record/migration.rb:369:in `call'
  actionpack (4.0.0) lib/action_dispatch/middleware/callbacks.rb:29:in `block in call'
  activesupport (4.0.0) lib/active_support/callbacks.rb:373:in `_run__953832449809610019__call__callbacks'
  activesupport (4.0.0) lib/active_support/callbacks.rb:80:in `run_callbacks'
  actionpack (4.0.0) lib/action_dispatch/middleware/callbacks.rb:27:in `call'
  actionpack (4.0.0) lib/action_dispatch/middleware/reloader.rb:64:in `call'
  actionpack (4.0.0) lib/action_dispatch/middleware/remote_ip.rb:76:in `call'
  actionpack (4.0.0) lib/action_dispatch/middleware/debug_exceptions.rb:17:in `call'
  actionpack (4.0.0) lib/action_dispatch/middleware/show_exceptions.rb:30:in `call'
  railties (4.0.0) lib/rails/rack/logger.rb:38:in `call_app'
  railties (4.0.0) lib/rails/rack/logger.rb:21:in `block in call'
  activesupport (4.0.0) lib/active_support/tagged_logging.rb:67:in `block in tagged'
  activesupport (4.0.0) lib/active_support/tagged_logging.rb:25:in `tagged'
  activesupport (4.0.0) lib/active_support/tagged_logging.rb:67:in `tagged'
  railties (4.0.0) lib/rails/rack/logger.rb:21:in `call'
  actionpack (4.0.0) lib/action_dispatch/middleware/request_id.rb:21:in `call'
  rack (1.5.2) lib/rack/runtime.rb:17:in `call'
  activesupport (4.0.0) lib/active_support/cache/strategy/local_cache.rb:83:in `call'
  rack (1.5.2) lib/rack/lock.rb:17:in `call'
  actionpack (4.0.0) lib/action_dispatch/middleware/static.rb:64:in `call'
  railties (4.0.0) lib/rails/engine.rb:511:in `call'
  railties (4.0.0) lib/rails/application.rb:97:in `call'
  rack (1.5.2) lib/rack/lock.rb:17:in `call'
  rack (1.5.2) lib/rack/content_length.rb:14:in `call'
  rack (1.5.2) lib/rack/handler/webrick.rb:60:in `service'
  /usr/lib/ruby/1.9.1/webrick/httpserver.rb:138:in `service'
  /usr/lib/ruby/1.9.1/webrick/httpserver.rb:94:in `run'
  /usr/lib/ruby/1.9.1/webrick/server.rb:191:in `block in start_thread'


  Rendered /var/lib/gems/1.9.1/gems/actionpack-4.0.0/lib/action_dispatch/middleware/templates/rescues/_source.erb (0.4ms)
  Rendered /var/lib/gems/1.9.1/gems/actionpack-4.0.0/lib/action_dispatch/middleware/templates/rescues/_trace.erb (12.7ms)
  Rendered /var/lib/gems/1.9.1/gems/actionpack-4.0.0/lib/action_dispatch/middleware/templates/rescues/_request_and_response.erb (0.7ms)
  Rendered /var/lib/gems/1.9.1/gems/actionpack-4.0.0/lib/action_dispatch/middleware/templates/rescues/diagnostics.erb within rescues/layout (19.5ms)
  [1m[36mActiveRecord::SchemaMigration Load (0.1ms)[0m  [1mSELECT "schema_migrations".* FROM "schema_migrations"[0m
Migrating to CreateTplatts (20140731222405)
  [1m[35m (0.1ms)[0m  begin transaction
  [1m[36m (0.3ms)[0m  [1mCREATE TABLE "tplatts" ("id" INTEGER PRIMARY KEY AUTOINCREMENT NOT NULL, "body" varchar(255), "user_id" integer, "created_at" datetime, "updated_at" datetime) [0m
  [1m[35m (0.1ms)[0m  CREATE INDEX "index_tplatts_on_user_id" ON "tplatts" ("user_id")
  [1m[36mSQL (0.8ms)[0m  [1mINSERT INTO "schema_migrations" ("version") VALUES (?)[0m  [["version", "20140731222405"]]
  [1m[35m (8.4ms)[0m  commit transaction
  [1m[36mActiveRecord::SchemaMigration Load (0.1ms)[0m  [1mSELECT "schema_migrations".* FROM "schema_migrations"[0m
DEPRECATION WARNING: You didn't set config.secret_key_base. Read the upgrade documentation to learn more about this new config option. (called from service at /usr/lib/ruby/1.9.1/webrick/httpserver.rb:138)


Started POST "/tplattss" for 54.215.185.74 at 2014-07-31 22:42:14 +0000
  [1m[36mActiveRecord::SchemaMigration Load (0.1ms)[0m  [1mSELECT "schema_migrations".* FROM "schema_migrations"[0m
Error occurred while parsing request parameters.
Contents:



ActionDispatch::ParamsParser::ParseError (784: unexpected token at '’{splatt:'):
  actionpack (4.0.0) lib/action_dispatch/middleware/params_parser.rb:53:in `rescue in parse_formatted_parameters'
  actionpack (4.0.0) lib/action_dispatch/middleware/params_parser.rb:32:in `parse_formatted_parameters'
  actionpack (4.0.0) lib/action_dispatch/middleware/params_parser.rb:23:in `call'
  activerecord (4.0.0) lib/active_record/query_cache.rb:36:in `call'
  activerecord (4.0.0) lib/active_record/connection_adapters/abstract/connection_pool.rb:626:in `call'
  activerecord (4.0.0) lib/active_record/migration.rb:369:in `call'
  actionpack (4.0.0) lib/action_dispatch/middleware/callbacks.rb:29:in `block in call'
  activesupport (4.0.0) lib/active_support/callbacks.rb:373:in `_run__1569095644236261185__call__callbacks'
  activesupport (4.0.0) lib/active_support/callbacks.rb:80:in `run_callbacks'
  actionpack (4.0.0) lib/action_dispatch/middleware/callbacks.rb:27:in `call'
  actionpack (4.0.0) lib/action_dispatch/middleware/reloader.rb:64:in `call'
  actionpack (4.0.0) lib/action_dispatch/middleware/remote_ip.rb:76:in `call'
  actionpack (4.0.0) lib/action_dispatch/middleware/debug_exceptions.rb:17:in `call'
  actionpack (4.0.0) lib/action_dispatch/middleware/show_exceptions.rb:30:in `call'
  railties (4.0.0) lib/rails/rack/logger.rb:38:in `call_app'
  railties (4.0.0) lib/rails/rack/logger.rb:21:in `block in call'
  activesupport (4.0.0) lib/active_support/tagged_logging.rb:67:in `block in tagged'
  activesupport (4.0.0) lib/active_support/tagged_logging.rb:25:in `tagged'
  activesupport (4.0.0) lib/active_support/tagged_logging.rb:67:in `tagged'
  railties (4.0.0) lib/rails/rack/logger.rb:21:in `call'
  actionpack (4.0.0) lib/action_dispatch/middleware/request_id.rb:21:in `call'
  rack (1.5.2) lib/rack/runtime.rb:17:in `call'
  activesupport (4.0.0) lib/active_support/cache/strategy/local_cache.rb:83:in `call'
  rack (1.5.2) lib/rack/lock.rb:17:in `call'
  actionpack (4.0.0) lib/action_dispatch/middleware/static.rb:64:in `call'
  railties (4.0.0) lib/rails/engine.rb:511:in `call'
  railties (4.0.0) lib/rails/application.rb:97:in `call'
  rack (1.5.2) lib/rack/lock.rb:17:in `call'
  rack (1.5.2) lib/rack/content_length.rb:14:in `call'
  rack (1.5.2) lib/rack/handler/webrick.rb:60:in `service'
  /usr/lib/ruby/1.9.1/webrick/httpserver.rb:138:in `service'
  /usr/lib/ruby/1.9.1/webrick/httpserver.rb:94:in `run'
  /usr/lib/ruby/1.9.1/webrick/server.rb:191:in `block in start_thread'


  Rendered /var/lib/gems/1.9.1/gems/actionpack-4.0.0/lib/action_dispatch/middleware/templates/rescues/_source.erb (0.4ms)
  Rendered /var/lib/gems/1.9.1/gems/actionpack-4.0.0/lib/action_dispatch/middleware/templates/rescues/_trace.erb (0.7ms)
  Rendered /var/lib/gems/1.9.1/gems/actionpack-4.0.0/lib/action_dispatch/middleware/templates/rescues/_request_and_response.erb (0.6ms)
  Rendered /var/lib/gems/1.9.1/gems/actionpack-4.0.0/lib/action_dispatch/middleware/templates/rescues/diagnostics.erb within rescues/layout (8.6ms)


Started POST "/tplattss" for 54.215.185.74 at 2014-07-31 22:42:23 +0000
Error occurred while parsing request parameters.
Contents:



ActionDispatch::ParamsParser::ParseError (784: unexpected token at '’{splatt:{body:Hello, Splatter world,'):
  actionpack (4.0.0) lib/action_dispatch/middleware/params_parser.rb:53:in `rescue in parse_formatted_parameters'
  actionpack (4.0.0) lib/action_dispatch/middleware/params_parser.rb:32:in `parse_formatted_parameters'
  actionpack (4.0.0) lib/action_dispatch/middleware/params_parser.rb:23:in `call'
  activerecord (4.0.0) lib/active_record/query_cache.rb:36:in `call'
  activerecord (4.0.0) lib/active_record/connection_adapters/abstract/connection_pool.rb:626:in `call'
  activerecord (4.0.0) lib/active_record/migration.rb:369:in `call'
  actionpack (4.0.0) lib/action_dispatch/middleware/callbacks.rb:29:in `block in call'
  activesupport (4.0.0) lib/active_support/callbacks.rb:373:in `_run__1569095644236261185__call__callbacks'
  activesupport (4.0.0) lib/active_support/callbacks.rb:80:in `run_callbacks'
  actionpack (4.0.0) lib/action_dispatch/middleware/callbacks.rb:27:in `call'
  actionpack (4.0.0) lib/action_dispatch/middleware/reloader.rb:64:in `call'
  actionpack (4.0.0) lib/action_dispatch/middleware/remote_ip.rb:76:in `call'
  actionpack (4.0.0) lib/action_dispatch/middleware/debug_exceptions.rb:17:in `call'
  actionpack (4.0.0) lib/action_dispatch/middleware/show_exceptions.rb:30:in `call'
  railties (4.0.0) lib/rails/rack/logger.rb:38:in `call_app'
  railties (4.0.0) lib/rails/rack/logger.rb:21:in `block in call'
  activesupport (4.0.0) lib/active_support/tagged_logging.rb:67:in `block in tagged'
  activesupport (4.0.0) lib/active_support/tagged_logging.rb:25:in `tagged'
  activesupport (4.0.0) lib/active_support/tagged_logging.rb:67:in `tagged'
  railties (4.0.0) lib/rails/rack/logger.rb:21:in `call'
  actionpack (4.0.0) lib/action_dispatch/middleware/request_id.rb:21:in `call'
  rack (1.5.2) lib/rack/runtime.rb:17:in `call'
  activesupport (4.0.0) lib/active_support/cache/strategy/local_cache.rb:83:in `call'
  rack (1.5.2) lib/rack/lock.rb:17:in `call'
  actionpack (4.0.0) lib/action_dispatch/middleware/static.rb:64:in `call'
  railties (4.0.0) lib/rails/engine.rb:511:in `call'
  railties (4.0.0) lib/rails/application.rb:97:in `call'
  rack (1.5.2) lib/rack/lock.rb:17:in `call'
  rack (1.5.2) lib/rack/content_length.rb:14:in `call'
  rack (1.5.2) lib/rack/handler/webrick.rb:60:in `service'
  /usr/lib/ruby/1.9.1/webrick/httpserver.rb:138:in `service'
  /usr/lib/ruby/1.9.1/webrick/httpserver.rb:94:in `run'
  /usr/lib/ruby/1.9.1/webrick/server.rb:191:in `block in start_thread'


  Rendered /var/lib/gems/1.9.1/gems/actionpack-4.0.0/lib/action_dispatch/middleware/templates/rescues/_source.erb (0.4ms)
  Rendered /var/lib/gems/1.9.1/gems/actionpack-4.0.0/lib/action_dispatch/middleware/templates/rescues/_trace.erb (0.7ms)
  Rendered /var/lib/gems/1.9.1/gems/actionpack-4.0.0/lib/action_dispatch/middleware/templates/rescues/_request_and_response.erb (0.6ms)
  Rendered /var/lib/gems/1.9.1/gems/actionpack-4.0.0/lib/action_dispatch/middleware/templates/rescues/diagnostics.erb within rescues/layout (7.9ms)


Started POST "/tplattss" for 54.215.185.74 at 2014-07-31 22:42:30 +0000
Error occurred while parsing request parameters.
Contents:



ActionDispatch::ParamsParser::ParseError (784: unexpected token at '’{splatt:body:Hello, Splatter world}’'):
  actionpack (4.0.0) lib/action_dispatch/middleware/params_parser.rb:53:in `rescue in parse_formatted_parameters'
  actionpack (4.0.0) lib/action_dispatch/middleware/params_parser.rb:32:in `parse_formatted_parameters'
  actionpack (4.0.0) lib/action_dispatch/middleware/params_parser.rb:23:in `call'
  activerecord (4.0.0) lib/active_record/query_cache.rb:36:in `call'
  activerecord (4.0.0) lib/active_record/connection_adapters/abstract/connection_pool.rb:626:in `call'
  activerecord (4.0.0) lib/active_record/migration.rb:369:in `call'
  actionpack (4.0.0) lib/action_dispatch/middleware/callbacks.rb:29:in `block in call'
  activesupport (4.0.0) lib/active_support/callbacks.rb:373:in `_run__1569095644236261185__call__callbacks'
  activesupport (4.0.0) lib/active_support/callbacks.rb:80:in `run_callbacks'
  actionpack (4.0.0) lib/action_dispatch/middleware/callbacks.rb:27:in `call'
  actionpack (4.0.0) lib/action_dispatch/middleware/reloader.rb:64:in `call'
  actionpack (4.0.0) lib/action_dispatch/middleware/remote_ip.rb:76:in `call'
  actionpack (4.0.0) lib/action_dispatch/middleware/debug_exceptions.rb:17:in `call'
  actionpack (4.0.0) lib/action_dispatch/middleware/show_exceptions.rb:30:in `call'
  railties (4.0.0) lib/rails/rack/logger.rb:38:in `call_app'
  railties (4.0.0) lib/rails/rack/logger.rb:21:in `block in call'
  activesupport (4.0.0) lib/active_support/tagged_logging.rb:67:in `block in tagged'
  activesupport (4.0.0) lib/active_support/tagged_logging.rb:25:in `tagged'
  activesupport (4.0.0) lib/active_support/tagged_logging.rb:67:in `tagged'
  railties (4.0.0) lib/rails/rack/logger.rb:21:in `call'
  actionpack (4.0.0) lib/action_dispatch/middleware/request_id.rb:21:in `call'
  rack (1.5.2) lib/rack/runtime.rb:17:in `call'
  activesupport (4.0.0) lib/active_support/cache/strategy/local_cache.rb:83:in `call'
  rack (1.5.2) lib/rack/lock.rb:17:in `call'
  actionpack (4.0.0) lib/action_dispatch/middleware/static.rb:64:in `call'
  railties (4.0.0) lib/rails/engine.rb:511:in `call'
  railties (4.0.0) lib/rails/application.rb:97:in `call'
  rack (1.5.2) lib/rack/lock.rb:17:in `call'
  rack (1.5.2) lib/rack/content_length.rb:14:in `call'
  rack (1.5.2) lib/rack/handler/webrick.rb:60:in `service'
  /usr/lib/ruby/1.9.1/webrick/httpserver.rb:138:in `service'
  /usr/lib/ruby/1.9.1/webrick/httpserver.rb:94:in `run'
  /usr/lib/ruby/1.9.1/webrick/server.rb:191:in `block in start_thread'


  Rendered /var/lib/gems/1.9.1/gems/actionpack-4.0.0/lib/action_dispatch/middleware/templates/rescues/_source.erb (0.4ms)
  Rendered /var/lib/gems/1.9.1/gems/actionpack-4.0.0/lib/action_dispatch/middleware/templates/rescues/_trace.erb (0.7ms)
  Rendered /var/lib/gems/1.9.1/gems/actionpack-4.0.0/lib/action_dispatch/middleware/templates/rescues/_request_and_response.erb (0.6ms)
  Rendered /var/lib/gems/1.9.1/gems/actionpack-4.0.0/lib/action_dispatch/middleware/templates/rescues/diagnostics.erb within rescues/layout (7.5ms)


Started POST "/tplattss" for 54.215.185.74 at 2014-07-31 22:44:10 +0000
Error occurred while parsing request parameters.
Contents:



ActionDispatch::ParamsParser::ParseError (784: unexpected token at '’{splatt:body:Hello, Splatter world}’'):
  actionpack (4.0.0) lib/action_dispatch/middleware/params_parser.rb:53:in `rescue in parse_formatted_parameters'
  actionpack (4.0.0) lib/action_dispatch/middleware/params_parser.rb:32:in `parse_formatted_parameters'
  actionpack (4.0.0) lib/action_dispatch/middleware/params_parser.rb:23:in `call'
  activerecord (4.0.0) lib/active_record/query_cache.rb:36:in `call'
  activerecord (4.0.0) lib/active_record/connection_adapters/abstract/connection_pool.rb:626:in `call'
  activerecord (4.0.0) lib/active_record/migration.rb:369:in `call'
  actionpack (4.0.0) lib/action_dispatch/middleware/callbacks.rb:29:in `block in call'
  activesupport (4.0.0) lib/active_support/callbacks.rb:373:in `_run__1569095644236261185__call__callbacks'
  activesupport (4.0.0) lib/active_support/callbacks.rb:80:in `run_callbacks'
  actionpack (4.0.0) lib/action_dispatch/middleware/callbacks.rb:27:in `call'
  actionpack (4.0.0) lib/action_dispatch/middleware/reloader.rb:64:in `call'
  actionpack (4.0.0) lib/action_dispatch/middleware/remote_ip.rb:76:in `call'
  actionpack (4.0.0) lib/action_dispatch/middleware/debug_exceptions.rb:17:in `call'
  actionpack (4.0.0) lib/action_dispatch/middleware/show_exceptions.rb:30:in `call'
  railties (4.0.0) lib/rails/rack/logger.rb:38:in `call_app'
  railties (4.0.0) lib/rails/rack/logger.rb:21:in `block in call'
  activesupport (4.0.0) lib/active_support/tagged_logging.rb:67:in `block in tagged'
  activesupport (4.0.0) lib/active_support/tagged_logging.rb:25:in `tagged'
  activesupport (4.0.0) lib/active_support/tagged_logging.rb:67:in `tagged'
  railties (4.0.0) lib/rails/rack/logger.rb:21:in `call'
  actionpack (4.0.0) lib/action_dispatch/middleware/request_id.rb:21:in `call'
  rack (1.5.2) lib/rack/runtime.rb:17:in `call'
  activesupport (4.0.0) lib/active_support/cache/strategy/local_cache.rb:83:in `call'
  rack (1.5.2) lib/rack/lock.rb:17:in `call'
  actionpack (4.0.0) lib/action_dispatch/middleware/static.rb:64:in `call'
  railties (4.0.0) lib/rails/engine.rb:511:in `call'
  railties (4.0.0) lib/rails/application.rb:97:in `call'
  rack (1.5.2) lib/rack/lock.rb:17:in `call'
  rack (1.5.2) lib/rack/content_length.rb:14:in `call'
  rack (1.5.2) lib/rack/handler/webrick.rb:60:in `service'
  /usr/lib/ruby/1.9.1/webrick/httpserver.rb:138:in `service'
  /usr/lib/ruby/1.9.1/webrick/httpserver.rb:94:in `run'
  /usr/lib/ruby/1.9.1/webrick/server.rb:191:in `block in start_thread'


  Rendered /var/lib/gems/1.9.1/gems/actionpack-4.0.0/lib/action_dispatch/middleware/templates/rescues/_source.erb (0.4ms)
  Rendered /var/lib/gems/1.9.1/gems/actionpack-4.0.0/lib/action_dispatch/middleware/templates/rescues/_trace.erb (0.7ms)
  Rendered /var/lib/gems/1.9.1/gems/actionpack-4.0.0/lib/action_dispatch/middleware/templates/rescues/_request_and_response.erb (0.6ms)
  Rendered /var/lib/gems/1.9.1/gems/actionpack-4.0.0/lib/action_dispatch/middleware/templates/rescues/diagnostics.erb within rescues/layout (7.7ms)


Started POST "/users" for 54.215.185.74 at 2014-07-31 22:44:31 +0000
Error occurred while parsing request parameters.
Contents:



ActionDispatch::ParamsParser::ParseError (784: unexpected token at '’{user:email:test@foo.com}’'):
  actionpack (4.0.0) lib/action_dispatch/middleware/params_parser.rb:53:in `rescue in parse_formatted_parameters'
  actionpack (4.0.0) lib/action_dispatch/middleware/params_parser.rb:32:in `parse_formatted_parameters'
  actionpack (4.0.0) lib/action_dispatch/middleware/params_parser.rb:23:in `call'
  activerecord (4.0.0) lib/active_record/query_cache.rb:36:in `call'
  activerecord (4.0.0) lib/active_record/connection_adapters/abstract/connection_pool.rb:626:in `call'
  activerecord (4.0.0) lib/active_record/migration.rb:369:in `call'
  actionpack (4.0.0) lib/action_dispatch/middleware/callbacks.rb:29:in `block in call'
  activesupport (4.0.0) lib/active_support/callbacks.rb:373:in `_run__1569095644236261185__call__callbacks'
  activesupport (4.0.0) lib/active_support/callbacks.rb:80:in `run_callbacks'
  actionpack (4.0.0) lib/action_dispatch/middleware/callbacks.rb:27:in `call'
  actionpack (4.0.0) lib/action_dispatch/middleware/reloader.rb:64:in `call'
  actionpack (4.0.0) lib/action_dispatch/middleware/remote_ip.rb:76:in `call'
  actionpack (4.0.0) lib/action_dispatch/middleware/debug_exceptions.rb:17:in `call'
  actionpack (4.0.0) lib/action_dispatch/middleware/show_exceptions.rb:30:in `call'
  railties (4.0.0) lib/rails/rack/logger.rb:38:in `call_app'
  railties (4.0.0) lib/rails/rack/logger.rb:21:in `block in call'
  activesupport (4.0.0) lib/active_support/tagged_logging.rb:67:in `block in tagged'
  activesupport (4.0.0) lib/active_support/tagged_logging.rb:25:in `tagged'
  activesupport (4.0.0) lib/active_support/tagged_logging.rb:67:in `tagged'
  railties (4.0.0) lib/rails/rack/logger.rb:21:in `call'
  actionpack (4.0.0) lib/action_dispatch/middleware/request_id.rb:21:in `call'
  rack (1.5.2) lib/rack/runtime.rb:17:in `call'
  activesupport (4.0.0) lib/active_support/cache/strategy/local_cache.rb:83:in `call'
  rack (1.5.2) lib/rack/lock.rb:17:in `call'
  actionpack (4.0.0) lib/action_dispatch/middleware/static.rb:64:in `call'
  railties (4.0.0) lib/rails/engine.rb:511:in `call'
  railties (4.0.0) lib/rails/application.rb:97:in `call'
  rack (1.5.2) lib/rack/lock.rb:17:in `call'
  rack (1.5.2) lib/rack/content_length.rb:14:in `call'
  rack (1.5.2) lib/rack/handler/webrick.rb:60:in `service'
  /usr/lib/ruby/1.9.1/webrick/httpserver.rb:138:in `service'
  /usr/lib/ruby/1.9.1/webrick/httpserver.rb:94:in `run'
  /usr/lib/ruby/1.9.1/webrick/server.rb:191:in `block in start_thread'


  Rendered /var/lib/gems/1.9.1/gems/actionpack-4.0.0/lib/action_dispatch/middleware/templates/rescues/_source.erb (0.4ms)
  Rendered /var/lib/gems/1.9.1/gems/actionpack-4.0.0/lib/action_dispatch/middleware/templates/rescues/_trace.erb (0.7ms)
  Rendered /var/lib/gems/1.9.1/gems/actionpack-4.0.0/lib/action_dispatch/middleware/templates/rescues/_request_and_response.erb (0.6ms)
  Rendered /var/lib/gems/1.9.1/gems/actionpack-4.0.0/lib/action_dispatch/middleware/templates/rescues/diagnostics.erb within rescues/layout (7.6ms)


Started POST "/users" for 127.0.0.1 at 2014-07-31 22:45:31 +0000
Error occurred while parsing request parameters.
Contents:



ActionDispatch::ParamsParser::ParseError (784: unexpected token at '’{user:email:test@foo.com}’'):
  actionpack (4.0.0) lib/action_dispatch/middleware/params_parser.rb:53:in `rescue in parse_formatted_parameters'
  actionpack (4.0.0) lib/action_dispatch/middleware/params_parser.rb:32:in `parse_formatted_parameters'
  actionpack (4.0.0) lib/action_dispatch/middleware/params_parser.rb:23:in `call'
  activerecord (4.0.0) lib/active_record/query_cache.rb:36:in `call'
  activerecord (4.0.0) lib/active_record/connection_adapters/abstract/connection_pool.rb:626:in `call'
  activerecord (4.0.0) lib/active_record/migration.rb:369:in `call'
  actionpack (4.0.0) lib/action_dispatch/middleware/callbacks.rb:29:in `block in call'
  activesupport (4.0.0) lib/active_support/callbacks.rb:373:in `_run__1569095644236261185__call__callbacks'
  activesupport (4.0.0) lib/active_support/callbacks.rb:80:in `run_callbacks'
  actionpack (4.0.0) lib/action_dispatch/middleware/callbacks.rb:27:in `call'
  actionpack (4.0.0) lib/action_dispatch/middleware/reloader.rb:64:in `call'
  actionpack (4.0.0) lib/action_dispatch/middleware/remote_ip.rb:76:in `call'
  actionpack (4.0.0) lib/action_dispatch/middleware/debug_exceptions.rb:17:in `call'
  actionpack (4.0.0) lib/action_dispatch/middleware/show_exceptions.rb:30:in `call'
  railties (4.0.0) lib/rails/rack/logger.rb:38:in `call_app'
  railties (4.0.0) lib/rails/rack/logger.rb:21:in `block in call'
  activesupport (4.0.0) lib/active_support/tagged_logging.rb:67:in `block in tagged'
  activesupport (4.0.0) lib/active_support/tagged_logging.rb:25:in `tagged'
  activesupport (4.0.0) lib/active_support/tagged_logging.rb:67:in `tagged'
  railties (4.0.0) lib/rails/rack/logger.rb:21:in `call'
  actionpack (4.0.0) lib/action_dispatch/middleware/request_id.rb:21:in `call'
  rack (1.5.2) lib/rack/runtime.rb:17:in `call'
  activesupport (4.0.0) lib/active_support/cache/strategy/local_cache.rb:83:in `call'
  rack (1.5.2) lib/rack/lock.rb:17:in `call'
  actionpack (4.0.0) lib/action_dispatch/middleware/static.rb:64:in `call'
  railties (4.0.0) lib/rails/engine.rb:511:in `call'
  railties (4.0.0) lib/rails/application.rb:97:in `call'
  rack (1.5.2) lib/rack/lock.rb:17:in `call'
  rack (1.5.2) lib/rack/content_length.rb:14:in `call'
  rack (1.5.2) lib/rack/handler/webrick.rb:60:in `service'
  /usr/lib/ruby/1.9.1/webrick/httpserver.rb:138:in `service'
  /usr/lib/ruby/1.9.1/webrick/httpserver.rb:94:in `run'
  /usr/lib/ruby/1.9.1/webrick/server.rb:191:in `block in start_thread'


  Rendered /var/lib/gems/1.9.1/gems/actionpack-4.0.0/lib/action_dispatch/middleware/templates/rescues/_source.erb (0.4ms)
  Rendered /var/lib/gems/1.9.1/gems/actionpack-4.0.0/lib/action_dispatch/middleware/templates/rescues/_trace.erb (0.8ms)
  Rendered /var/lib/gems/1.9.1/gems/actionpack-4.0.0/lib/action_dispatch/middleware/templates/rescues/_request_and_response.erb (0.6ms)
  Rendered /var/lib/gems/1.9.1/gems/actionpack-4.0.0/lib/action_dispatch/middleware/templates/rescues/diagnostics.erb within rescues/layout (7.6ms)


Started POST "/users" for 127.0.0.1 at 2014-07-31 22:51:37 +0000
Error occurred while parsing request parameters.
Contents:



ActionDispatch::ParamsParser::ParseError (784: unexpected token at '’{user:email:test@foo.com}’'):
  actionpack (4.0.0) lib/action_dispatch/middleware/params_parser.rb:53:in `rescue in parse_formatted_parameters'
  actionpack (4.0.0) lib/action_dispatch/middleware/params_parser.rb:32:in `parse_formatted_parameters'
  actionpack (4.0.0) lib/action_dispatch/middleware/params_parser.rb:23:in `call'
  activerecord (4.0.0) lib/active_record/query_cache.rb:36:in `call'
  activerecord (4.0.0) lib/active_record/connection_adapters/abstract/connection_pool.rb:626:in `call'
  activerecord (4.0.0) lib/active_record/migration.rb:369:in `call'
  actionpack (4.0.0) lib/action_dispatch/middleware/callbacks.rb:29:in `block in call'
  activesupport (4.0.0) lib/active_support/callbacks.rb:373:in `_run__1569095644236261185__call__callbacks'
  activesupport (4.0.0) lib/active_support/callbacks.rb:80:in `run_callbacks'
  actionpack (4.0.0) lib/action_dispatch/middleware/callbacks.rb:27:in `call'
  actionpack (4.0.0) lib/action_dispatch/middleware/reloader.rb:64:in `call'
  actionpack (4.0.0) lib/action_dispatch/middleware/remote_ip.rb:76:in `call'
  actionpack (4.0.0) lib/action_dispatch/middleware/debug_exceptions.rb:17:in `call'
  actionpack (4.0.0) lib/action_dispatch/middleware/show_exceptions.rb:30:in `call'
  railties (4.0.0) lib/rails/rack/logger.rb:38:in `call_app'
  railties (4.0.0) lib/rails/rack/logger.rb:21:in `block in call'
  activesupport (4.0.0) lib/active_support/tagged_logging.rb:67:in `block in tagged'
  activesupport (4.0.0) lib/active_support/tagged_logging.rb:25:in `tagged'
  activesupport (4.0.0) lib/active_support/tagged_logging.rb:67:in `tagged'
  railties (4.0.0) lib/rails/rack/logger.rb:21:in `call'
  actionpack (4.0.0) lib/action_dispatch/middleware/request_id.rb:21:in `call'
  rack (1.5.2) lib/rack/runtime.rb:17:in `call'
  activesupport (4.0.0) lib/active_support/cache/strategy/local_cache.rb:83:in `call'
  rack (1.5.2) lib/rack/lock.rb:17:in `call'
  actionpack (4.0.0) lib/action_dispatch/middleware/static.rb:64:in `call'
  railties (4.0.0) lib/rails/engine.rb:511:in `call'
  railties (4.0.0) lib/rails/application.rb:97:in `call'
  rack (1.5.2) lib/rack/lock.rb:17:in `call'
  rack (1.5.2) lib/rack/content_length.rb:14:in `call'
  rack (1.5.2) lib/rack/handler/webrick.rb:60:in `service'
  /usr/lib/ruby/1.9.1/webrick/httpserver.rb:138:in `service'
  /usr/lib/ruby/1.9.1/webrick/httpserver.rb:94:in `run'
  /usr/lib/ruby/1.9.1/webrick/server.rb:191:in `block in start_thread'


  Rendered /var/lib/gems/1.9.1/gems/actionpack-4.0.0/lib/action_dispatch/middleware/templates/rescues/_source.erb (0.4ms)
  Rendered /var/lib/gems/1.9.1/gems/actionpack-4.0.0/lib/action_dispatch/middleware/templates/rescues/_trace.erb (0.7ms)
  Rendered /var/lib/gems/1.9.1/gems/actionpack-4.0.0/lib/action_dispatch/middleware/templates/rescues/_request_and_response.erb (0.6ms)
  Rendered /var/lib/gems/1.9.1/gems/actionpack-4.0.0/lib/action_dispatch/middleware/templates/rescues/diagnostics.erb within rescues/layout (7.5ms)


Started POST "/users" for 54.215.185.74 at 2014-07-31 22:52:55 +0000
Error occurred while parsing request parameters.
Contents:



ActionDispatch::ParamsParser::ParseError (784: unexpected token at '’{user:email:test@foo.com}’'):
  actionpack (4.0.0) lib/action_dispatch/middleware/params_parser.rb:53:in `rescue in parse_formatted_parameters'
  actionpack (4.0.0) lib/action_dispatch/middleware/params_parser.rb:32:in `parse_formatted_parameters'
  actionpack (4.0.0) lib/action_dispatch/middleware/params_parser.rb:23:in `call'
  activerecord (4.0.0) lib/active_record/query_cache.rb:36:in `call'
  activerecord (4.0.0) lib/active_record/connection_adapters/abstract/connection_pool.rb:626:in `call'
  activerecord (4.0.0) lib/active_record/migration.rb:369:in `call'
  actionpack (4.0.0) lib/action_dispatch/middleware/callbacks.rb:29:in `block in call'
  activesupport (4.0.0) lib/active_support/callbacks.rb:373:in `_run__1569095644236261185__call__callbacks'
  activesupport (4.0.0) lib/active_support/callbacks.rb:80:in `run_callbacks'
  actionpack (4.0.0) lib/action_dispatch/middleware/callbacks.rb:27:in `call'
  actionpack (4.0.0) lib/action_dispatch/middleware/reloader.rb:64:in `call'
  actionpack (4.0.0) lib/action_dispatch/middleware/remote_ip.rb:76:in `call'
  actionpack (4.0.0) lib/action_dispatch/middleware/debug_exceptions.rb:17:in `call'
  actionpack (4.0.0) lib/action_dispatch/middleware/show_exceptions.rb:30:in `call'
  railties (4.0.0) lib/rails/rack/logger.rb:38:in `call_app'
  railties (4.0.0) lib/rails/rack/logger.rb:21:in `block in call'
  activesupport (4.0.0) lib/active_support/tagged_logging.rb:67:in `block in tagged'
  activesupport (4.0.0) lib/active_support/tagged_logging.rb:25:in `tagged'
  activesupport (4.0.0) lib/active_support/tagged_logging.rb:67:in `tagged'
  railties (4.0.0) lib/rails/rack/logger.rb:21:in `call'
  actionpack (4.0.0) lib/action_dispatch/middleware/request_id.rb:21:in `call'
  rack (1.5.2) lib/rack/runtime.rb:17:in `call'
  activesupport (4.0.0) lib/active_support/cache/strategy/local_cache.rb:83:in `call'
  rack (1.5.2) lib/rack/lock.rb:17:in `call'
  actionpack (4.0.0) lib/action_dispatch/middleware/static.rb:64:in `call'
  railties (4.0.0) lib/rails/engine.rb:511:in `call'
  railties (4.0.0) lib/rails/application.rb:97:in `call'
  rack (1.5.2) lib/rack/lock.rb:17:in `call'
  rack (1.5.2) lib/rack/content_length.rb:14:in `call'
  rack (1.5.2) lib/rack/handler/webrick.rb:60:in `service'
  /usr/lib/ruby/1.9.1/webrick/httpserver.rb:138:in `service'
  /usr/lib/ruby/1.9.1/webrick/httpserver.rb:94:in `run'
  /usr/lib/ruby/1.9.1/webrick/server.rb:191:in `block in start_thread'


  Rendered /var/lib/gems/1.9.1/gems/actionpack-4.0.0/lib/action_dispatch/middleware/templates/rescues/_source.erb (0.4ms)
  Rendered /var/lib/gems/1.9.1/gems/actionpack-4.0.0/lib/action_dispatch/middleware/templates/rescues/_trace.erb (0.8ms)
  Rendered /var/lib/gems/1.9.1/gems/actionpack-4.0.0/lib/action_dispatch/middleware/templates/rescues/_request_and_response.erb (0.6ms)
  Rendered /var/lib/gems/1.9.1/gems/actionpack-4.0.0/lib/action_dispatch/middleware/templates/rescues/diagnostics.erb within rescues/layout (7.5ms)


Started POST "/users" for 54.215.185.74 at 2014-07-31 22:59:11 +0000
Error occurred while parsing request parameters.
Contents:



ActionDispatch::ParamsParser::ParseError (784: unexpected token at '’{user:email:test@foo.com}’'):
  actionpack (4.0.0) lib/action_dispatch/middleware/params_parser.rb:53:in `rescue in parse_formatted_parameters'
  actionpack (4.0.0) lib/action_dispatch/middleware/params_parser.rb:32:in `parse_formatted_parameters'
  actionpack (4.0.0) lib/action_dispatch/middleware/params_parser.rb:23:in `call'
  activerecord (4.0.0) lib/active_record/query_cache.rb:36:in `call'
  activerecord (4.0.0) lib/active_record/connection_adapters/abstract/connection_pool.rb:626:in `call'
  activerecord (4.0.0) lib/active_record/migration.rb:369:in `call'
  actionpack (4.0.0) lib/action_dispatch/middleware/callbacks.rb:29:in `block in call'
  activesupport (4.0.0) lib/active_support/callbacks.rb:373:in `_run__1569095644236261185__call__callbacks'
  activesupport (4.0.0) lib/active_support/callbacks.rb:80:in `run_callbacks'
  actionpack (4.0.0) lib/action_dispatch/middleware/callbacks.rb:27:in `call'
  actionpack (4.0.0) lib/action_dispatch/middleware/reloader.rb:64:in `call'
  actionpack (4.0.0) lib/action_dispatch/middleware/remote_ip.rb:76:in `call'
  actionpack (4.0.0) lib/action_dispatch/middleware/debug_exceptions.rb:17:in `call'
  actionpack (4.0.0) lib/action_dispatch/middleware/show_exceptions.rb:30:in `call'
  railties (4.0.0) lib/rails/rack/logger.rb:38:in `call_app'
  railties (4.0.0) lib/rails/rack/logger.rb:21:in `block in call'
  activesupport (4.0.0) lib/active_support/tagged_logging.rb:67:in `block in tagged'
  activesupport (4.0.0) lib/active_support/tagged_logging.rb:25:in `tagged'
  activesupport (4.0.0) lib/active_support/tagged_logging.rb:67:in `tagged'
  railties (4.0.0) lib/rails/rack/logger.rb:21:in `call'
  actionpack (4.0.0) lib/action_dispatch/middleware/request_id.rb:21:in `call'
  rack (1.5.2) lib/rack/runtime.rb:17:in `call'
  activesupport (4.0.0) lib/active_support/cache/strategy/local_cache.rb:83:in `call'
  rack (1.5.2) lib/rack/lock.rb:17:in `call'
  actionpack (4.0.0) lib/action_dispatch/middleware/static.rb:64:in `call'
  railties (4.0.0) lib/rails/engine.rb:511:in `call'
  railties (4.0.0) lib/rails/application.rb:97:in `call'
  rack (1.5.2) lib/rack/lock.rb:17:in `call'
  rack (1.5.2) lib/rack/content_length.rb:14:in `call'
  rack (1.5.2) lib/rack/handler/webrick.rb:60:in `service'
  /usr/lib/ruby/1.9.1/webrick/httpserver.rb:138:in `service'
  /usr/lib/ruby/1.9.1/webrick/httpserver.rb:94:in `run'
  /usr/lib/ruby/1.9.1/webrick/server.rb:191:in `block in start_thread'


  Rendered /var/lib/gems/1.9.1/gems/actionpack-4.0.0/lib/action_dispatch/middleware/templates/rescues/_source.erb (0.3ms)
  Rendered /var/lib/gems/1.9.1/gems/actionpack-4.0.0/lib/action_dispatch/middleware/templates/rescues/_trace.erb (0.7ms)
  Rendered /var/lib/gems/1.9.1/gems/actionpack-4.0.0/lib/action_dispatch/middleware/templates/rescues/_request_and_response.erb (0.5ms)
  Rendered /var/lib/gems/1.9.1/gems/actionpack-4.0.0/lib/action_dispatch/middleware/templates/rescues/diagnostics.erb within rescues/layout (7.3ms)
DEPRECATION WARNING: You didn't set config.secret_key_base. Read the upgrade documentation to learn more about this new config option. (called from service at /usr/lib/ruby/1.9.1/webrick/httpserver.rb:138)


Started GET "/" for 202.49.0.2 at 2014-08-06 01:21:04 +0000
  [1m[36mActiveRecord::SchemaMigration Load (0.1ms)[0m  [1mSELECT "schema_migrations".* FROM "schema_migrations"[0m
Processing by Rails::WelcomeController#index as HTML
  Rendered /var/lib/gems/1.9.1/gems/railties-4.0.0/lib/rails/templates/rails/welcome/index.html.erb (7.5ms)
Completed 200 OK in 13ms (Views: 12.3ms | ActiveRecord: 0.0ms)
DEPRECATION WARNING: You didn't set config.secret_key_base. Read the upgrade documentation to learn more about this new config option. (called from service at /usr/lib/ruby/1.9.1/webrick/httpserver.rb:138)


Started GET "/" for 202.49.0.2 at 2014-08-06 01:21:43 +0000
  [1m[36mActiveRecord::SchemaMigration Load (0.1ms)[0m  [1mSELECT "schema_migrations".* FROM "schema_migrations"[0m
Processing by Rails::WelcomeController#index as HTML
  Rendered /var/lib/gems/1.9.1/gems/railties-4.0.0/lib/rails/templates/rails/welcome/index.html.erb (11.0ms)
Completed 200 OK in 16ms (Views: 16.0ms | ActiveRecord: 0.0ms)
DEPRECATION WARNING: You didn't set config.secret_key_base. Read the upgrade documentation to learn more about this new config option. (called from service at /usr/lib/ruby/1.9.1/webrick/httpserver.rb:138)


Started GET "/" for 202.49.0.2 at 2014-08-06 01:43:22 +0000
  [1m[36mActiveRecord::SchemaMigration Load (0.1ms)[0m  [1mSELECT "schema_migrations".* FROM "schema_migrations"[0m

ActiveRecord::PendingMigrationError (Migrations are pending; run 'rake db:migrate RAILS_ENV=development' to resolve this issue.):
  activerecord (4.0.0) lib/active_record/migration.rb:379:in `check_pending!'
  activerecord (4.0.0) lib/active_record/migration.rb:366:in `call'
  actionpack (4.0.0) lib/action_dispatch/middleware/callbacks.rb:29:in `block in call'
  activesupport (4.0.0) lib/active_support/callbacks.rb:373:in `_run__3241496114368916754__call__callbacks'
  activesupport (4.0.0) lib/active_support/callbacks.rb:80:in `run_callbacks'
  actionpack (4.0.0) lib/action_dispatch/middleware/callbacks.rb:27:in `call'
  actionpack (4.0.0) lib/action_dispatch/middleware/reloader.rb:64:in `call'
  actionpack (4.0.0) lib/action_dispatch/middleware/remote_ip.rb:76:in `call'
  actionpack (4.0.0) lib/action_dispatch/middleware/debug_exceptions.rb:17:in `call'
  actionpack (4.0.0) lib/action_dispatch/middleware/show_exceptions.rb:30:in `call'
  railties (4.0.0) lib/rails/rack/logger.rb:38:in `call_app'
  railties (4.0.0) lib/rails/rack/logger.rb:21:in `block in call'
  activesupport (4.0.0) lib/active_support/tagged_logging.rb:67:in `block in tagged'
  activesupport (4.0.0) lib/active_support/tagged_logging.rb:25:in `tagged'
  activesupport (4.0.0) lib/active_support/tagged_logging.rb:67:in `tagged'
  railties (4.0.0) lib/rails/rack/logger.rb:21:in `call'
  actionpack (4.0.0) lib/action_dispatch/middleware/request_id.rb:21:in `call'
  rack (1.5.2) lib/rack/runtime.rb:17:in `call'
  activesupport (4.0.0) lib/active_support/cache/strategy/local_cache.rb:83:in `call'
  rack (1.5.2) lib/rack/lock.rb:17:in `call'
  actionpack (4.0.0) lib/action_dispatch/middleware/static.rb:64:in `call'
  railties (4.0.0) lib/rails/engine.rb:511:in `call'
  railties (4.0.0) lib/rails/application.rb:97:in `call'
  rack (1.5.2) lib/rack/lock.rb:17:in `call'
  rack (1.5.2) lib/rack/content_length.rb:14:in `call'
  rack (1.5.2) lib/rack/handler/webrick.rb:60:in `service'
  /usr/lib/ruby/1.9.1/webrick/httpserver.rb:138:in `service'
  /usr/lib/ruby/1.9.1/webrick/httpserver.rb:94:in `run'
  /usr/lib/ruby/1.9.1/webrick/server.rb:191:in `block in start_thread'


  Rendered /var/lib/gems/1.9.1/gems/actionpack-4.0.0/lib/action_dispatch/middleware/templates/rescues/_source.erb (0.4ms)
  Rendered /var/lib/gems/1.9.1/gems/actionpack-4.0.0/lib/action_dispatch/middleware/templates/rescues/_trace.erb (0.7ms)
  Rendered /var/lib/gems/1.9.1/gems/actionpack-4.0.0/lib/action_dispatch/middleware/templates/rescues/_request_and_response.erb (0.6ms)
  Rendered /var/lib/gems/1.9.1/gems/actionpack-4.0.0/lib/action_dispatch/middleware/templates/rescues/diagnostics.erb within rescues/layout (8.6ms)
  [1m[36mActiveRecord::SchemaMigration Load (0.1ms)[0m  [1mSELECT "schema_migrations".* FROM "schema_migrations"[0m
Migrating to CreateFollows (20140806130000)
  [1m[35m (0.1ms)[0m  begin transaction
  [1m[36m (0.3ms)[0m  [1mCREATE TABLE "follows" ("id" INTEGER PRIMARY KEY AUTOINCREMENT NOT NULL, "follower_id" integer, "followed_id" integer) [0m
  [1m[35mSQL (0.7ms)[0m  INSERT INTO "schema_migrations" ("version") VALUES (?)  [["version", "20140806130000"]]
  [1m[36m (11.6ms)[0m  [1mcommit transaction[0m
  [1m[35mActiveRecord::SchemaMigration Load (0.1ms)[0m  SELECT "schema_migrations".* FROM "schema_migrations"
DEPRECATION WARNING: You didn't set config.secret_key_base. Read the upgrade documentation to learn more about this new config option. (called from service at /usr/lib/ruby/1.9.1/webrick/httpserver.rb:138)


Started GET "/" for 202.49.0.2 at 2014-08-06 01:44:45 +0000
  [1m[36mActiveRecord::SchemaMigration Load (0.1ms)[0m  [1mSELECT "schema_migrations".* FROM "schema_migrations"[0m
Processing by Rails::WelcomeController#index as HTML
  Rendered /var/lib/gems/1.9.1/gems/railties-4.0.0/lib/rails/templates/rails/welcome/index.html.erb (7.8ms)
Completed 200 OK in 13ms (Views: 12.8ms | ActiveRecord: 0.0ms)


Started POST "/tplattss" for 54.215.185.74 at 2014-08-06 01:49:53 +0000

ActionController::RoutingError (No route matches [POST] "/tplattss"):
  actionpack (4.0.0) lib/action_dispatch/middleware/debug_exceptions.rb:21:in `call'
  actionpack (4.0.0) lib/action_dispatch/middleware/show_exceptions.rb:30:in `call'
  railties (4.0.0) lib/rails/rack/logger.rb:38:in `call_app'
  railties (4.0.0) lib/rails/rack/logger.rb:21:in `block in call'
  activesupport (4.0.0) lib/active_support/tagged_logging.rb:67:in `block in tagged'
  activesupport (4.0.0) lib/active_support/tagged_logging.rb:25:in `tagged'
  activesupport (4.0.0) lib/active_support/tagged_logging.rb:67:in `tagged'
  railties (4.0.0) lib/rails/rack/logger.rb:21:in `call'
  actionpack (4.0.0) lib/action_dispatch/middleware/request_id.rb:21:in `call'
  rack (1.5.2) lib/rack/runtime.rb:17:in `call'
  activesupport (4.0.0) lib/active_support/cache/strategy/local_cache.rb:83:in `call'
  rack (1.5.2) lib/rack/lock.rb:17:in `call'
  actionpack (4.0.0) lib/action_dispatch/middleware/static.rb:64:in `call'
  railties (4.0.0) lib/rails/engine.rb:511:in `call'
  railties (4.0.0) lib/rails/application.rb:97:in `call'
  rack (1.5.2) lib/rack/lock.rb:17:in `call'
  rack (1.5.2) lib/rack/content_length.rb:14:in `call'
  rack (1.5.2) lib/rack/handler/webrick.rb:60:in `service'
  /usr/lib/ruby/1.9.1/webrick/httpserver.rb:138:in `service'
  /usr/lib/ruby/1.9.1/webrick/httpserver.rb:94:in `run'
  /usr/lib/ruby/1.9.1/webrick/server.rb:191:in `block in start_thread'


  Rendered /var/lib/gems/1.9.1/gems/actionpack-4.0.0/lib/action_dispatch/middleware/templates/rescues/_trace.erb (0.7ms)
  Rendered /var/lib/gems/1.9.1/gems/actionpack-4.0.0/lib/action_dispatch/middleware/templates/routes/_route.html.erb (1.0ms)
  Rendered /var/lib/gems/1.9.1/gems/actionpack-4.0.0/lib/action_dispatch/middleware/templates/routes/_table.html.erb (3.1ms)
  Rendered /var/lib/gems/1.9.1/gems/actionpack-4.0.0/lib/action_dispatch/middleware/templates/rescues/routing_error.erb within rescues/layout (15.2ms)


Started GET "/users/tplatts/1" for 54.215.185.74 at 2014-08-06 01:51:17 +0000

ActionController::RoutingError (No route matches [GET] "/users/tplatts/1"):
  actionpack (4.0.0) lib/action_dispatch/middleware/debug_exceptions.rb:21:in `call'
  actionpack (4.0.0) lib/action_dispatch/middleware/show_exceptions.rb:30:in `call'
  railties (4.0.0) lib/rails/rack/logger.rb:38:in `call_app'
  railties (4.0.0) lib/rails/rack/logger.rb:21:in `block in call'
  activesupport (4.0.0) lib/active_support/tagged_logging.rb:67:in `block in tagged'
  activesupport (4.0.0) lib/active_support/tagged_logging.rb:25:in `tagged'
  activesupport (4.0.0) lib/active_support/tagged_logging.rb:67:in `tagged'
  railties (4.0.0) lib/rails/rack/logger.rb:21:in `call'
  actionpack (4.0.0) lib/action_dispatch/middleware/request_id.rb:21:in `call'
  rack (1.5.2) lib/rack/runtime.rb:17:in `call'
  activesupport (4.0.0) lib/active_support/cache/strategy/local_cache.rb:83:in `call'
  rack (1.5.2) lib/rack/lock.rb:17:in `call'
  actionpack (4.0.0) lib/action_dispatch/middleware/static.rb:64:in `call'
  railties (4.0.0) lib/rails/engine.rb:511:in `call'
  railties (4.0.0) lib/rails/application.rb:97:in `call'
  rack (1.5.2) lib/rack/lock.rb:17:in `call'
  rack (1.5.2) lib/rack/content_length.rb:14:in `call'
  rack (1.5.2) lib/rack/handler/webrick.rb:60:in `service'
  /usr/lib/ruby/1.9.1/webrick/httpserver.rb:138:in `service'
  /usr/lib/ruby/1.9.1/webrick/httpserver.rb:94:in `run'
  /usr/lib/ruby/1.9.1/webrick/server.rb:191:in `block in start_thread'


  Rendered /var/lib/gems/1.9.1/gems/actionpack-4.0.0/lib/action_dispatch/middleware/templates/rescues/_trace.erb (0.8ms)
  Rendered /var/lib/gems/1.9.1/gems/actionpack-4.0.0/lib/action_dispatch/middleware/templates/routes/_route.html.erb (1.2ms)
  Rendered /var/lib/gems/1.9.1/gems/actionpack-4.0.0/lib/action_dispatch/middleware/templates/routes/_table.html.erb (0.8ms)
  Rendered /var/lib/gems/1.9.1/gems/actionpack-4.0.0/lib/action_dispatch/middleware/templates/rescues/routing_error.erb within rescues/layout (11.7ms)
DEPRECATION WARNING: You didn't set config.secret_key_base. Read the upgrade documentation to learn more about this new config option. (called from service at /usr/lib/ruby/1.9.1/webrick/httpserver.rb:138)


Started GET "/users/1" for 54.215.185.74 at 2014-08-06 02:04:07 +0000
  [1m[36mActiveRecord::SchemaMigration Load (0.1ms)[0m  [1mSELECT "schema_migrations".* FROM "schema_migrations"[0m
Processing by UsersController#show as */*
  Parameters: {"id"=>"1"}
Completed 500 Internal Server Error in 1ms

SyntaxError (/home/taylor/Code/Ruby/tplatter/app/models/user.rb:4: syntax error, unexpected ':', expecting keyword_end
    class_name : "User",
                ^
/home/taylor/Code/Ruby/tplatter/app/models/user.rb:4: syntax error, unexpected ',', expecting keyword_end):
  app/controllers/users_controller.rb:13:in `show'


  Rendered /var/lib/gems/1.9.1/gems/actionpack-4.0.0/lib/action_dispatch/middleware/templates/rescues/_source.erb (0.5ms)
  Rendered /var/lib/gems/1.9.1/gems/actionpack-4.0.0/lib/action_dispatch/middleware/templates/rescues/_trace.erb (0.8ms)
  Rendered /var/lib/gems/1.9.1/gems/actionpack-4.0.0/lib/action_dispatch/middleware/templates/rescues/_request_and_response.erb (0.6ms)
  Rendered /var/lib/gems/1.9.1/gems/actionpack-4.0.0/lib/action_dispatch/middleware/templates/rescues/diagnostics.erb within rescues/layout (9.1ms)


Started POST "/users" for 54.215.185.74 at 2014-08-06 02:07:21 +0000
Processing by UsersController#create as */*
  Parameters: {"user"=>{"email"=>"test@foo.com", "name"=>"Test User", "password"=>"foo"}}
Completed 500 Internal Server Error in 1ms

SyntaxError (/home/taylor/Code/Ruby/tplatter/app/models/user.rb:4: syntax error, unexpected ':', expecting keyword_end
    class_name : "User",
                ^
/home/taylor/Code/Ruby/tplatter/app/models/user.rb:4: syntax error, unexpected ',', expecting keyword_end):
  app/controllers/users_controller.rb:21:in `create'


  Rendered /var/lib/gems/1.9.1/gems/actionpack-4.0.0/lib/action_dispatch/middleware/templates/rescues/_source.erb (0.5ms)
  Rendered /var/lib/gems/1.9.1/gems/actionpack-4.0.0/lib/action_dispatch/middleware/templates/rescues/_trace.erb (0.7ms)
  Rendered /var/lib/gems/1.9.1/gems/actionpack-4.0.0/lib/action_dispatch/middleware/templates/rescues/_request_and_response.erb (0.6ms)
  Rendered /var/lib/gems/1.9.1/gems/actionpack-4.0.0/lib/action_dispatch/middleware/templates/rescues/diagnostics.erb within rescues/layout (7.3ms)


Started GET "/users/1" for 54.215.185.74 at 2014-08-06 02:07:46 +0000
Processing by UsersController#show as */*
  Parameters: {"id"=>"1"}
Completed 500 Internal Server Error in 1ms

SyntaxError (/home/taylor/Code/Ruby/tplatter/app/models/user.rb:4: syntax error, unexpected ':', expecting keyword_end
    class_name : "User",
                ^
/home/taylor/Code/Ruby/tplatter/app/models/user.rb:4: syntax error, unexpected ',', expecting keyword_end):
  app/controllers/users_controller.rb:13:in `show'


  Rendered /var/lib/gems/1.9.1/gems/actionpack-4.0.0/lib/action_dispatch/middleware/templates/rescues/_source.erb (0.5ms)
  Rendered /var/lib/gems/1.9.1/gems/actionpack-4.0.0/lib/action_dispatch/middleware/templates/rescues/_trace.erb (0.8ms)
  Rendered /var/lib/gems/1.9.1/gems/actionpack-4.0.0/lib/action_dispatch/middleware/templates/rescues/_request_and_response.erb (0.6ms)
  Rendered /var/lib/gems/1.9.1/gems/actionpack-4.0.0/lib/action_dispatch/middleware/templates/rescues/diagnostics.erb within rescues/layout (7.6ms)
DEPRECATION WARNING: You didn't set config.secret_key_base. Read the upgrade documentation to learn more about this new config option. (called from service at /usr/lib/ruby/1.9.1/webrick/httpserver.rb:138)


Started GET "/" for 202.49.0.2 at 2014-08-06 02:31:14 +0000
  [1m[36mActiveRecord::SchemaMigration Load (0.1ms)[0m  [1mSELECT "schema_migrations".* FROM "schema_migrations"[0m
Processing by Rails::WelcomeController#index as HTML
  Rendered /var/lib/gems/1.9.1/gems/railties-4.0.0/lib/rails/templates/rails/welcome/index.html.erb (7.9ms)
Completed 200 OK in 13ms (Views: 12.8ms | ActiveRecord: 0.0ms)


Started GET "/users" for 202.49.0.2 at 2014-08-06 02:31:23 +0000
Processing by UsersController#index as HTML
Completed 500 Internal Server Error in 1ms

SyntaxError (/home/taylor/Code/Ruby/tplatter/app/models/user.rb:4: syntax error, unexpected ':', expecting keyword_end
    class_name : "User",
                ^
/home/taylor/Code/Ruby/tplatter/app/models/user.rb:4: syntax error, unexpected ',', expecting keyword_end):
  app/controllers/users_controller.rb:5:in `index'


  Rendered /var/lib/gems/1.9.1/gems/actionpack-4.0.0/lib/action_dispatch/middleware/templates/rescues/_source.erb (0.5ms)
  Rendered /var/lib/gems/1.9.1/gems/actionpack-4.0.0/lib/action_dispatch/middleware/templates/rescues/_trace.erb (0.8ms)
  Rendered /var/lib/gems/1.9.1/gems/actionpack-4.0.0/lib/action_dispatch/middleware/templates/rescues/_request_and_response.erb (0.6ms)
  Rendered /var/lib/gems/1.9.1/gems/actionpack-4.0.0/lib/action_dispatch/middleware/templates/rescues/diagnostics.erb within rescues/layout (7.7ms)
